<?xml version="1.0" encoding="utf-8"?><testsuites name="pytest tests"><testsuite name="pytest" errors="0" failures="0" skipped="0" tests="7" time="83.777" timestamp="2026-03-04T10:05:27.685961+00:00" hostname="agent-env-72b67ed3-c79c-4ee1-8c66-bacbf4274fa3"><testcase classname="backend.tests.test_battle_game.TestHealthAndAuth" name="test_api_health" time="0.195" /><testcase classname="backend.tests.test_battle_game.TestHealthAndAuth" name="test_login" time="0.742" /><testcase classname="backend.tests.test_battle_game.TestAICompileBattleGame" name="test_ai_compile_battle_game" time="24.853" /><testcase classname="backend.tests.test_battle_game.TestAICompileBattleGame" name="test_ai_compile_quiz_game" time="19.929" /><testcase classname="backend.tests.test_battle_game.TestExistingGameFetch" name="test_fetch_quiz_game" time="0.686" /><testcase classname="backend.tests.test_battle_game.TestExistingGameFetch" name="test_fetch_battle_game" time="0.986" /><testcase classname="backend.tests.test_battle_game.TestGameCreationWithBattleType" name="test_create_battle_game_via_api" time="36.159" /></testsuite></testsuites>