<?xml version="1.0" encoding="utf-8"?><testsuites name="pytest tests"><testsuite name="pytest" errors="0" failures="0" skipped="0" tests="21" time="5.726" timestamp="2026-03-05T00:32:01.538566+00:00" hostname="agent-env-72b67ed3-c79c-4ee1-8c66-bacbf4274fa3"><testcase classname="backend.tests.test_creator_store_and_providers.TestIntegrationProviders" name="test_get_providers_returns_list" time="2.591" /><testcase classname="backend.tests.test_creator_store_and_providers.TestIntegrationProviders" name="test_google_classroom_is_available" time="0.075" /><testcase classname="backend.tests.test_creator_store_and_providers.TestIntegrationProviders" name="test_other_lms_providers_coming_soon" time="0.061" /><testcase classname="backend.tests.test_creator_store_and_providers.TestIntegrationProviders" name="test_file_import_providers_available" time="0.062" /><testcase classname="backend.tests.test_creator_store_and_providers.TestIntegrationProviders" name="test_providers_count_with_regions" time="0.065" /><testcase classname="backend.tests.test_creator_store_and_providers.TestCreatorStore" name="test_get_store_by_slug" time="0.083" /><testcase classname="backend.tests.test_creator_store_and_providers.TestCreatorStore" name="test_get_store_featured_products_have_data" time="0.068" /><testcase classname="backend.tests.test_creator_store_and_providers.TestCreatorStore" name="test_get_store_products_with_sorting" time="0.083" /><testcase classname="backend.tests.test_creator_store_and_providers.TestCreatorStore" name="test_get_store_products_sort_by_popular" time="0.070" /><testcase classname="backend.tests.test_creator_store_and_providers.TestCreatorStore" name="test_get_store_products_sort_by_rating" time="0.074" /><testcase classname="backend.tests.test_creator_store_and_providers.TestCreatorStore" name="test_get_store_products_sort_by_price" time="0.073" /><testcase classname="backend.tests.test_creator_store_and_providers.TestCreatorStore" name="test_get_nonexistent_store_returns_404" time="0.070" /><testcase classname="backend.tests.test_creator_store_and_providers.TestCreatorStoreCreate" name="test_create_store_requires_auth" time="0.077" /><testcase classname="backend.tests.test_creator_store_and_providers.TestCreatorStoreCreate" name="test_create_store_with_auth_existing_user" time="0.641" /><testcase classname="backend.tests.test_creator_store_and_providers.TestStoreFollow" name="test_follow_store_requires_auth" time="0.061" /><testcase classname="backend.tests.test_creator_store_and_providers.TestStoreFollow" name="test_follow_store_success" time="0.542" /><testcase classname="backend.tests.test_creator_store_and_providers.TestStoreFollow" name="test_check_following_status" time="0.075" /><testcase classname="backend.tests.test_creator_store_and_providers.TestStoreFollow" name="test_follow_own_store_blocked" time="0.068" /><testcase classname="backend.tests.test_creator_store_and_providers.TestStoreFollow" name="test_unfollow_store" time="0.076" /><testcase classname="backend.tests.test_creator_store_and_providers.TestMarketplaceListing" name="test_marketplace_listing_has_creator_info" time="0.088" /><testcase classname="backend.tests.test_creator_store_and_providers.TestFeaturedStores" name="test_get_featured_stores" time="0.059" /></testsuite></testsuites>