<?xml version="1.0" encoding="utf-8"?><testsuites name="pytest tests"><testsuite name="pytest" errors="0" failures="0" skipped="0" tests="30" time="12.979" timestamp="2026-03-04T23:54:25.659360+00:00" hostname="agent-env-72b67ed3-c79c-4ee1-8c66-bacbf4274fa3"><testcase classname="backend.tests.test_integrations.TestProviderList" name="test_providers_returns_all_six" time="0.614" /><testcase classname="backend.tests.test_integrations.TestProviderList" name="test_providers_have_required_fields" time="0.367" /><testcase classname="backend.tests.test_integrations.TestProviderList" name="test_google_classroom_available" time="0.330" /><testcase classname="backend.tests.test_integrations.TestProviderList" name="test_canvas_available" time="0.272" /><testcase classname="backend.tests.test_integrations.TestProviderList" name="test_clever_available" time="0.319" /><testcase classname="backend.tests.test_integrations.TestProviderList" name="test_classlink_coming_soon" time="0.292" /><testcase classname="backend.tests.test_integrations.TestProviderList" name="test_powerschool_coming_soon" time="0.263" /><testcase classname="backend.tests.test_integrations.TestProviderList" name="test_schoology_coming_soon" time="0.383" /><testcase classname="backend.tests.test_integrations.TestIntegrationStatus" name="test_status_requires_auth" time="0.294" /><testcase classname="backend.tests.test_integrations.TestIntegrationStatus" name="test_status_returns_providers" time="2.192" /><testcase classname="backend.tests.test_integrations.TestIntegrationStatus" name="test_status_shows_disconnected_by_default" time="0.341" /><testcase classname="backend.tests.test_integrations.TestOAuthInit" name="test_oauth_init_requires_auth" time="0.275" /><testcase classname="backend.tests.test_integrations.TestOAuthInit" name="test_oauth_init_google_returns_auth_url" time="0.176" /><testcase classname="backend.tests.test_integrations.TestOAuthInit" name="test_oauth_init_rejects_coming_soon_provider" time="0.286" /><testcase classname="backend.tests.test_integrations.TestOAuthInit" name="test_oauth_init_rejects_invalid_provider" time="0.500" /><testcase classname="backend.tests.test_integrations.TestAssignments" name="test_create_assignment_requires_auth" time="0.235" /><testcase classname="backend.tests.test_integrations.TestAssignments" name="test_list_assignments_requires_auth" time="0.279" /><testcase classname="backend.tests.test_integrations.TestAssignments" name="test_list_assignments_returns_list" time="0.259" /><testcase classname="backend.tests.test_integrations.TestAssignments" name="test_create_assignment_validates_class" time="0.353" /><testcase classname="backend.tests.test_integrations.TestAssignments" name="test_create_assignment_validates_game" time="0.279" /><testcase classname="backend.tests.test_integrations.TestAssignments" name="test_get_assignment_by_id" time="0.745" /><testcase classname="backend.tests.test_integrations.TestAssignments" name="test_get_nonexistent_assignment" time="0.251" /><testcase classname="backend.tests.test_integrations.TestGoogleClassroomOps" name="test_list_google_courses_requires_auth" time="0.251" /><testcase classname="backend.tests.test_integrations.TestGoogleClassroomOps" name="test_list_google_courses_requires_connection" time="0.380" /><testcase classname="backend.tests.test_integrations.TestGoogleClassroomOps" name="test_import_class_requires_auth" time="0.184" /><testcase classname="backend.tests.test_integrations.TestGoogleClassroomOps" name="test_import_class_requires_connection" time="0.374" /><testcase classname="backend.tests.test_integrations.TestGoogleClassroomOps" name="test_sync_roster_requires_auth" time="0.537" /><testcase classname="backend.tests.test_integrations.TestGoogleClassroomOps" name="test_sync_roster_validates_class" time="0.403" /><testcase classname="backend.tests.test_integrations.TestDisconnect" name="test_disconnect_requires_auth" time="0.285" /><testcase classname="backend.tests.test_integrations.TestDisconnect" name="test_disconnect_returns_appropriate_status" time="0.308" /></testsuite></testsuites>