<?xml version="1.0" encoding="utf-8"?><testsuites name="pytest tests"><testsuite name="pytest" errors="0" failures="0" skipped="0" tests="18" time="4.487" timestamp="2026-03-04T10:32:02.226461+00:00" hostname="agent-env-72b67ed3-c79c-4ee1-8c66-bacbf4274fa3"><testcase classname="backend.tests.test_leaderboard_classes.TestLeaderboardSubmit" name="test_submit_game_result_authenticated" time="0.887" /><testcase classname="backend.tests.test_leaderboard_classes.TestLeaderboardSubmit" name="test_submit_game_result_unauthenticated" time="0.144" /><testcase classname="backend.tests.test_leaderboard_classes.TestLeaderboardSubmit" name="test_submit_game_result_invalid_game" time="0.150" /><testcase classname="backend.tests.test_leaderboard_classes.TestLeaderboardFetch" name="test_get_game_leaderboard" time="0.144" /><testcase classname="backend.tests.test_leaderboard_classes.TestLeaderboardFetch" name="test_get_game_leaderboard_with_limit" time="0.153" /><testcase classname="backend.tests.test_leaderboard_classes.TestLeaderboardFetch" name="test_get_game_leaderboard_by_accuracy" time="0.176" /><testcase classname="backend.tests.test_leaderboard_classes.TestLeaderboardFetch" name="test_get_game_leaderboard_invalid_game" time="0.141" /><testcase classname="backend.tests.test_leaderboard_classes.TestPlayerStats" name="test_get_player_stats_authenticated" time="0.267" /><testcase classname="backend.tests.test_leaderboard_classes.TestPlayerStats" name="test_get_player_stats_unauthenticated" time="0.272" /><testcase classname="backend.tests.test_leaderboard_classes.TestClassCreate" name="test_create_class" time="0.218" /><testcase classname="backend.tests.test_leaderboard_classes.TestClassCreate" name="test_create_class_minimal" time="0.240" /><testcase classname="backend.tests.test_leaderboard_classes.TestClassCreate" name="test_create_class_unauthenticated" time="0.224" /><testcase classname="backend.tests.test_leaderboard_classes.TestClassJoin" name="test_join_class_with_code" time="0.149" /><testcase classname="backend.tests.test_leaderboard_classes.TestClassJoin" name="test_join_class_invalid_code" time="0.224" /><testcase classname="backend.tests.test_leaderboard_classes.TestClassJoin" name="test_join_class_as_guest" time="0.247" /><testcase classname="backend.tests.test_leaderboard_classes.TestIntegrationProviders" name="test_list_integration_providers" time="0.163" /><testcase classname="backend.tests.test_leaderboard_classes.TestIntegrationProviders" name="test_provider_features" time="0.227" /><testcase classname="backend.tests.test_leaderboard_classes.TestMyRank" name="test_get_my_rank" time="0.144" /></testsuite></testsuites>