<?xml version="1.0" encoding="utf-8"?><testsuites name="pytest tests"><testsuite name="pytest" errors="0" failures="0" skipped="0" tests="14" time="5.908" timestamp="2026-03-04T11:51:37.912609+00:00" hostname="agent-env-72b67ed3-c79c-4ee1-8c66-bacbf4274fa3"><testcase classname="backend.tests.test_marketplace_fork.TestMarketplaceBrowse" name="test_browse_returns_published_games" time="3.118" /><testcase classname="backend.tests.test_marketplace_fork.TestMarketplaceBrowse" name="test_browse_shows_derivative_sales_status" time="0.083" /><testcase classname="backend.tests.test_marketplace_fork.TestMarketplaceListing" name="test_get_listing_shows_derivative_status" time="0.117" /><testcase classname="backend.tests.test_marketplace_fork.TestMarketplaceListing" name="test_get_listing_no_derivatives" time="0.110" /><testcase classname="backend.tests.test_marketplace_fork.TestForkGame" name="test_fork_game_success" time="0.719" /><testcase classname="backend.tests.test_marketplace_fork.TestForkGame" name="test_fork_game_returns_can_resell_true" time="0.062" /><testcase classname="backend.tests.test_marketplace_fork.TestForkGame" name="test_fork_game_returns_can_resell_false" time="0.063" /><testcase classname="backend.tests.test_marketplace_fork.TestForkGame" name="test_cannot_fork_own_game" time="0.482" /><testcase classname="backend.tests.test_marketplace_fork.TestForkGame" name="test_fork_requires_auth" time="0.049" /><testcase classname="backend.tests.test_marketplace_fork.TestPublishForkedGame" name="test_publish_forked_game_allowed" time="0.137" /><testcase classname="backend.tests.test_marketplace_fork.TestPublishForkedGame" name="test_publish_forked_game_blocked" time="0.112" /><testcase classname="backend.tests.test_marketplace_fork.TestPublishOriginalGame" name="test_publish_with_allow_derivative_sales_true" time="0.135" /><testcase classname="backend.tests.test_marketplace_fork.TestPublishOriginalGame" name="test_publish_with_allow_derivative_sales_false" time="0.132" /><testcase classname="backend.tests.test_marketplace_fork.TestCategories" name="test_get_categories" time="0.056" /></testsuite></testsuites>