<?xml version="1.0" encoding="utf-8"?><testsuites name="pytest tests"><testsuite name="pytest" errors="0" failures="4" skipped="0" tests="9" time="217.899" timestamp="2026-03-04T07:39:08.825946+00:00" hostname="agent-env-72b67ed3-c79c-4ee1-8c66-bacbf4274fa3"><testcase classname="backend.tests.test_auth_and_ai.TestHealthCheck" name="test_health_endpoint" time="60.419"><failure message="assert 502 == 200&#10; +  where 502 = &lt;Response [502]&gt;.status_code">backend/tests/test_auth_and_ai.py:18: in test_health_endpoint
    assert response.status_code == 200
E   assert 502 == 200
E    +  where 502 = &lt;Response [502]&gt;.status_code</failure></testcase><testcase classname="backend.tests.test_auth_and_ai.TestAuth" name="test_login_success" time="60.476"><failure message="AssertionError: Expected 200, got 502: The preview environment is not responding. It may be starting up.&#10;  &#10;assert 502 == 200&#10; +  where 502 = &lt;Response [502]&gt;.status_code">backend/tests/test_auth_and_ai.py:37: in test_login_success
    assert response.status_code == 200, f"Expected 200, got {response.status_code}: {response.text}"
E   AssertionError: Expected 200, got 502: The preview environment is not responding. It may be starting up.
E     
E   assert 502 == 200
E    +  where 502 = &lt;Response [502]&gt;.status_code</failure></testcase><testcase classname="backend.tests.test_auth_and_ai.TestAuth" name="test_login_invalid_credentials" time="33.642" /><testcase classname="backend.tests.test_auth_and_ai.TestAuth" name="test_get_current_user_with_token" time="14.533" /><testcase classname="backend.tests.test_auth_and_ai.TestAuth" name="test_protected_endpoint_without_token" time="0.126"><failure message="AssertionError: Expected 401, got 403&#10;assert 403 == 401&#10; +  where 403 = &lt;Response [403]&gt;.status_code">backend/tests/test_auth_and_ai.py:88: in test_protected_endpoint_without_token
    assert response.status_code == 401, f"Expected 401, got {response.status_code}"
E   AssertionError: Expected 401, got 403
E   assert 403 == 401
E    +  where 403 = &lt;Response [403]&gt;.status_code</failure></testcase><testcase classname="backend.tests.test_auth_and_ai.TestAICompile" name="test_ai_compile_requires_auth" time="0.118"><failure message="AssertionError: Expected 401, got 403&#10;assert 403 == 401&#10; +  where 403 = &lt;Response [403]&gt;.status_code">backend/tests/test_auth_and_ai.py:117: in test_ai_compile_requires_auth
    assert response.status_code == 401, f"Expected 401, got {response.status_code}"
E   AssertionError: Expected 401, got 403
E   assert 403 == 401
E    +  where 403 = &lt;Response [403]&gt;.status_code</failure></testcase><testcase classname="backend.tests.test_auth_and_ai.TestAICompile" name="test_ai_compile_success" time="45.706" /><testcase classname="backend.tests.test_auth_and_ai.TestAICompile" name="test_ai_compile_validation_short_prompt" time="0.672" /><testcase classname="backend.tests.test_auth_and_ai.TestGameCRUD" name="test_create_and_get_game" time="0.899" /></testsuite></testsuites>