<?xml version="1.0" encoding="utf-8"?><testsuites name="pytest tests"><testsuite name="pytest" errors="0" failures="0" skipped="0" tests="27" time="20.928" timestamp="2026-03-05T00:14:48.884487+00:00" hostname="agent-env-72b67ed3-c79c-4ee1-8c66-bacbf4274fa3"><testcase classname="backend.tests.test_uk_lms_integrations.TestProviderCount" name="test_providers_returns_sixteen_total" time="10.827" /><testcase classname="backend.tests.test_uk_lms_integrations.TestProviderCount" name="test_all_expected_providers_present" time="0.280" /><testcase classname="backend.tests.test_uk_lms_integrations.TestRegionFiltering" name="test_filter_uk_region" time="0.298" /><testcase classname="backend.tests.test_uk_lms_integrations.TestRegionFiltering" name="test_filter_us_region" time="0.421" /><testcase classname="backend.tests.test_uk_lms_integrations.TestRegionFiltering" name="test_filter_global_region" time="0.760" /><testcase classname="backend.tests.test_uk_lms_integrations.TestUKProviders" name="test_arbor_provider" time="0.262" /><testcase classname="backend.tests.test_uk_lms_integrations.TestUKProviders" name="test_sims_provider" time="0.253" /><testcase classname="backend.tests.test_uk_lms_integrations.TestUKProviders" name="test_bromcom_provider" time="0.258" /><testcase classname="backend.tests.test_uk_lms_integrations.TestUKProviders" name="test_scholarpack_provider" time="0.483" /><testcase classname="backend.tests.test_uk_lms_integrations.TestUKProviders" name="test_isams_provider" time="0.252" /><testcase classname="backend.tests.test_uk_lms_integrations.TestUKProviders" name="test_groupcall_provider" time="0.244" /><testcase classname="backend.tests.test_uk_lms_integrations.TestUKProviders" name="test_wonde_provider" time="0.278" /><testcase classname="backend.tests.test_uk_lms_integrations.TestUSProviders" name="test_alma_provider" time="0.446" /><testcase classname="backend.tests.test_uk_lms_integrations.TestFileImportProviders" name="test_ctf_import_provider" time="0.273" /><testcase classname="backend.tests.test_uk_lms_integrations.TestFileImportProviders" name="test_csv_import_provider" time="0.244" /><testcase classname="backend.tests.test_uk_lms_integrations.TestIntegrationStatusFields" name="test_status_includes_region_field" time="1.106" /><testcase classname="backend.tests.test_uk_lms_integrations.TestIntegrationStatusFields" name="test_status_includes_category_field" time="0.224" /><testcase classname="backend.tests.test_uk_lms_integrations.TestCSVFormats" name="test_csv_formats_endpoint" time="0.255" /><testcase classname="backend.tests.test_uk_lms_integrations.TestCSVFormats" name="test_csv_format_sims" time="0.417" /><testcase classname="backend.tests.test_uk_lms_integrations.TestCSVFormats" name="test_csv_format_arbor" time="0.498" /><testcase classname="backend.tests.test_uk_lms_integrations.TestCSVFormats" name="test_csv_format_bromcom" time="0.309" /><testcase classname="backend.tests.test_uk_lms_integrations.TestFileImportPreview" name="test_preview_requires_auth" time="0.285" /><testcase classname="backend.tests.test_uk_lms_integrations.TestFileImportPreview" name="test_preview_csv_file" time="0.376" /><testcase classname="backend.tests.test_uk_lms_integrations.TestFileImportPreview" name="test_preview_ctf_file" time="0.244" /><testcase classname="backend.tests.test_uk_lms_integrations.TestFileImportPreview" name="test_preview_auto_detect_csv" time="0.245" /><testcase classname="backend.tests.test_uk_lms_integrations.TestCategoriesAndRegions" name="test_providers_includes_categories" time="0.280" /><testcase classname="backend.tests.test_uk_lms_integrations.TestCategoriesAndRegions" name="test_providers_includes_regions" time="0.241" /></testsuite></testsuites>