<?xml version="1.0" encoding="utf-8"?><testsuites name="pytest tests"><testsuite name="pytest" errors="0" failures="0" skipped="0" tests="8" time="7.091" timestamp="2026-03-04T07:52:58.556516+00:00" hostname="agent-env-72b67ed3-c79c-4ee1-8c66-bacbf4274fa3"><testcase classname="tests.test_visual_editor_api.TestGameSpecAPI" name="test_get_game_returns_spec" time="6.015" /><testcase classname="tests.test_visual_editor_api.TestGameSpecAPI" name="test_get_game_spec_endpoint" time="0.059" /><testcase classname="tests.test_visual_editor_api.TestGameSpecAPI" name="test_update_game_spec" time="0.115" /><testcase classname="tests.test_visual_editor_api.TestGameSpecAPI" name="test_update_questions_in_spec" time="0.115" /><testcase classname="tests.test_visual_editor_api.TestGameSpecAPI" name="test_spec_persistence_after_update" time="0.272" /><testcase classname="tests.test_visual_editor_api.TestGameSpecAPI" name="test_spec_update_404_for_nonexistent_game" time="0.057" /><testcase classname="tests.test_visual_editor_api.TestGameSpecAPI" name="test_spec_update_requires_auth" time="0.118" /><testcase classname="tests.test_visual_editor_api.TestGameSpecCleanup" name="test_restore_original_spec" time="0.060" /></testsuite></testsuites>